
--- Job 3. Redispatch_worst.gms Start 02/12/23 23:22:03 41.4.0 caab8bc0 WEX-WEI x86 64bit/MS Windows
--- Applying:
    C:\GAMS\41\gmsprmNT.txt
--- GAMS Parameters defined
    Input "C:\Users\berne\Documents\GitHub\IDiNA\3. Model Congestion Management\3. Redispatch_worst.gms"
    PageSize 0
    ScrDir "C:\Users\berne\Documents\GitHub\IDiNA\3. Model Congestion Management\225a\"
    SysDir C:\GAMS\41\
    LogOption 3
    ErrMsg 1
    ErrorLog 99
    IDE 1
    LstTitleLeftAligned 1
Licensee: Small MUD - 5 User License                     S211124|0002AN-WIN
          BTU Cottbus-Senftenberg, FG Energiewirtschaft              DC5591
          C:\Users\berne\Documents\GAMS\gamslice.txt
          License Admin: Felix Muesgens, Fg-energiewirtschaft@b-tu.de      
Processor information: 1 socket(s), 6 core(s), and 12 thread(s) available
GAMS 41.4.0   Copyright (C) 1987-2022 GAMS Development. All rights reserved
--- Starting compilation
--- 3. Redispatch_worst.gms(23) 3 Mb
--- . 3_input_redispatch.gms(319) 3 Mb
--- GDXin=C:\Users\berne\Documents\GitHub\IDiNA\3. Model Congestion Management\IEEE_spring_hpv.gdx
--- GDX File ($gdxIn) C:\Users\berne\Documents\GitHub\IDiNA\3. Model Congestion Management\IEEE_spring_hpv.gdx
--- . 3_input_redispatch.gms(332) 3 Mb
--- GDXin=C:\Users\berne\Documents\GitHub\IDiNA\3. Model Congestion Management\AC_IEEE_spring_hpv.gdx
--- GDX File ($gdxIn) C:\Users\berne\Documents\GitHub\IDiNA\3. Model Congestion Management\AC_IEEE_spring_hpv.gdx
--- . 3_input_redispatch.gms(349) 17 Mb
--- 3. Redispatch_worst.gms(25) 17 Mb
--- Starting execution: elapsed 0:00:00.047
--- 3. Redispatch_worst.gms(373) 17 Mb
--- GDX File (execute_unload) C:\Users\berne\Documents\GitHub\IDiNA\3. Model Congestion Management\check.gdx
*** Status: Normal completion
--- Job 3. Redispatch_worst.gms Stop 02/12/23 23:22:03 elapsed 0:00:00.063
