
--- Job Data_preprocessing.gms Start 01/25/23 00:40:18 41.4.0 caab8bc0 WEX-WEI x86 64bit/MS Windows
--- Applying:
    C:\GAMS\41\gmsprmNT.txt
--- GAMS Parameters defined
    Input C:\Users\berne\IDiNA_Mote_Carlo\Complete\Data_preprocessing.gms
    PageSize 0
    ScrDir C:\Users\berne\IDiNA_Mote_Carlo\Complete\225b\
    SysDir C:\GAMS\41\
    LogOption 3
    ErrMsg 1
    ErrorLog 99
    IDE 1
    LstTitleLeftAligned 1
Licensee: Small MUD - 5 User License                     S211124|0002AN-WIN
          BTU Cottbus-Senftenberg, FG Energiewirtschaft              DC5591
          C:\Users\berne\Documents\GAMS\gamslice.txt
          License Admin: Felix Muesgens, Fg-energiewirtschaft@b-tu.de      
Processor information: 1 socket(s), 6 core(s), and 12 thread(s) available
GAMS 41.4.0   Copyright (C) 1987-2022 GAMS Development. All rights reserved
--- Starting compilation
--- Data_preprocessing.gms(42) 3 Mb
--- $echo File C:\Users\berne\IDiNA_Mote_Carlo\Complete\TEP.txt
--- Data_preprocessing.gms(47) 3 Mb
--- call gdxxrw check.xlsx @TEP.txt

GDXXRW           41.4.0 caab8bc0 Dec 14, 2022          WEI x86 64bit/MS Window
Input file : C:\Users\berne\IDiNA_Mote_Carlo\Complete\check.xlsx
Output file: C:\Users\berne\IDiNA_Mote_Carlo\Complete\check.gdx
Total time = 10968 Ms
--- Data_preprocessing.gms(48) 3 Mb
--- GDXin=C:\Users\berne\IDiNA_Mote_Carlo\Complete\check.gdx
--- GDX File ($gdxIn) C:\Users\berne\IDiNA_Mote_Carlo\Complete\check.gdx
--- Data_preprocessing.gms(54) 3 Mb
--- GDXin=C:\Users\berne\IDiNA_Mote_Carlo\Complete\Input_winter.gdx
--- GDX File ($gdxIn) C:\Users\berne\IDiNA_Mote_Carlo\Complete\Input_winter.gdx
--- Data_preprocessing.gms(76) 17 Mb
--- Starting execution: elapsed 0:00:11.290
--- Data_preprocessing.gms(67) 221 Mb  8 secs
--- Data_preprocessing.gms(75) 342 Mb
--- GDX File (execute_unload) C:\Users\berne\IDiNA_Mote_Carlo\Complete\check.gdx
*** Status: Normal completion
--- Job Data_preprocessing.gms Stop 01/25/23 00:40:40 elapsed 0:00:22.169
