
--- Job Data_preprocessing.gms Start 01/25/23 08:54:09 41.4.0 caab8bc0 WEX-WEI x86 64bit/MS Windows
--- Applying:
    C:\GAMS\41\gmsprmNT.txt
--- GAMS Parameters defined
    Input "C:\Users\berne\Documents\GitHub\IDiNA\Data Preparation\Data_preprocessing.gms"
    PageSize 0
    ScrDir "C:\Users\berne\Documents\GitHub\IDiNA\Data Preparation\225b\"
    SysDir C:\GAMS\41\
    LogOption 3
    ErrMsg 1
    ErrorLog 99
    IDE 1
    LstTitleLeftAligned 1
Licensee: Small MUD - 5 User License                     S211124|0002AN-WIN
          BTU Cottbus-Senftenberg, FG Energiewirtschaft              DC5591
          C:\Users\berne\Documents\GAMS\gamslice.txt
          License Admin: Felix Muesgens, Fg-energiewirtschaft@b-tu.de      
Processor information: 1 socket(s), 6 core(s), and 12 thread(s) available
GAMS 41.4.0   Copyright (C) 1987-2022 GAMS Development. All rights reserved
--- Starting compilation
--- Data_preprocessing.gms(42) 3 Mb
--- $echo File C:\Users\berne\Documents\GitHub\IDiNA\Data Preparation\TEP.txt
--- Data_preprocessing.gms(47) 3 Mb
--- call gdxxrw check.xlsx @TEP.txt

GDXXRW           41.4.0 caab8bc0 Dec 14, 2022          WEI x86 64bit/MS Window
Input file : C:\Users\berne\Documents\GitHub\IDiNA\Data Preparation\check.xlsx
Output file: C:\Users\berne\Documents\GitHub\IDiNA\Data Preparation\check.gdx
Total time = 10016 Ms
--- Data_preprocessing.gms(48) 3 Mb
--- GDXin=C:\Users\berne\Documents\GitHub\IDiNA\Data Preparation\check.gdx
--- GDX File ($gdxIn) C:\Users\berne\Documents\GitHub\IDiNA\Data Preparation\check.gdx
--- Data_preprocessing.gms(55) 103 Mb
--- GDXin=C:\Users\berne\Documents\GitHub\IDiNA\Data Preparation\Input_winter.gdx
--- GDX File ($gdxIn) C:\Users\berne\Documents\GitHub\IDiNA\Data Preparation\Input_winter.gdx
--- Data_preprocessing.gms(81) 116 Mb
--- Starting execution: elapsed 0:00:10.372
--- Data_preprocessing.gms(63) 293 Mb  11 secs
--- Data_preprocessing.gms(68) 320 Mb  8 secs
--- Data_preprocessing.gms(76) 441 Mb
--- GDX File (execute_unload) C:\Users\berne\Documents\GitHub\IDiNA\Data Preparation\Data.gdx
--- Data_preprocessing.gms(78) 441 Mb

GDXXRW           41.4.0 caab8bc0 Dec 14, 2022          WEI x86 64bit/MS Window
Input file : C:\Users\berne\Documents\GitHub\IDiNA\Data Preparation\Data.gdx
Output file: C:\Users\berne\Documents\GitHub\IDiNA\Data Preparation\PF_Data.xlsx
Total time = 12438 Ms
--- Data_preprocessing.gms(80) 441 Mb

GDXXRW           41.4.0 caab8bc0 Dec 14, 2022          WEI x86 64bit/MS Window
Input file : C:\Users\berne\Documents\GitHub\IDiNA\Data Preparation\Data.gdx
Output file: C:\Users\berne\Documents\GitHub\IDiNA\Data Preparation\VL_Data.xlsx
Total time = 12406 Ms
*** Status: Normal completion
--- Job Data_preprocessing.gms Stop 01/25/23 08:55:07 elapsed 0:00:57.820
